<?xml version="1.0" encoding="UTF-8"?>
<!-- Generated by org.testng.reporters.JUnitReportReporter -->
<testsuite hostname="DESKTOP-QSK3SQ3" failures="0" tests="1" name="TestNGLearning.ThruTextFile" time="0.013" errors="0" timestamp="2024-01-08T09:51:29 EST" skipped="0">
  <testcase classname="TestNGLearning.ThruTextFile" name="ThruTxtFileData" time="0.013"/>
  <system-out/>
</testsuite> <!-- TestNGLearning.ThruTextFile -->
