<?xml version="1.0" encoding="UTF-8"?>
<!-- Generated by org.testng.reporters.JUnitReportReporter -->
<testsuite hostname="DESKTOP-QSK3SQ3" failures="0" tests="1" name="TestNGLearning.ThruWebTable" time="7.293" errors="0" timestamp="2024-01-06T11:45:26 EST" skipped="0">
  <testcase classname="TestNGLearning.ThruWebTable" name="readfrmWT" time="7.293"/>
  <system-out/>
</testsuite> <!-- TestNGLearning.ThruWebTable -->
